d:\nlp\enginex\enginex\debug\enginex.pch
d:\nlp\enginex\enginex\debug\vc140.pdb
d:\nlp\enginex\enginex\debug\vc140.idb
d:\nlp\enginex\enginex\debug\stdafx.obj
d:\nlp\enginex\enginex\debug\nahangulanaly.obj
d:\nlp\enginex\enginex\debug\nahangulutil.obj
d:\nlp\enginex\enginex\debug\nahashnode.obj
d:\nlp\enginex\enginex\debug\nahashtree.obj
d:\nlp\enginex\enginex\debug\naprelinkedlist.obj
d:\nlp\enginex\enginex\debug\nautil.obj
d:\nlp\enginex\enginex\debug\na_convert.obj
d:\nlp\enginex\enginex\debug\preprocessor.obj
d:\nlp\enginex\enginex\debug\sort_fn.obj
d:\nlp\enginex\enginex\debug\splashscreenex.obj
d:\nlp\enginex\enginex\debug\stemambfeaturedialog.obj
d:\nlp\enginex\enginex\debug\stemenddic.obj
d:\nlp\enginex\enginex\debug\stringutil.obj
d:\nlp\enginex\enginex\debug\tabfifthdialog.obj
d:\nlp\enginex\enginex\debug\tabfirstdialog.obj
d:\nlp\enginex\enginex\debug\tabfourthdialog.obj
d:\nlp\enginex\enginex\debug\tabseconddialog.obj
d:\nlp\enginex\enginex\debug\tabthirddialog.obj
d:\nlp\enginex\enginex\debug\te_list.obj
d:\nlp\enginex\enginex\debug\topview.obj
d:\nlp\enginex\enginex\debug\bottomview.obj
d:\nlp\enginex\enginex\debug\enginex.obj
d:\nlp\enginex\enginex\debug\enginexdoc.obj
d:\nlp\enginex\enginex\debug\enginexview.obj
d:\nlp\enginex\enginex\debug\flatsplitterwnd.obj
d:\nlp\enginex\enginex\debug\mainfrm.obj
d:\nlp\enginex\enginex\debug\morphologicalanalysis.obj
d:\nlp\enginex\enginex\debug\naambiguity.obj
d:\nlp\enginex\enginex\debug\nadictionary.obj
d:\nlp\enginex\enginex\debug\nadocvector.obj
d:\nlp\enginex\enginex\debug\naencdictionary.obj
d:\nlp\enginex\enginex\debug\naentry.obj
d:\nlp\enginex\debug\enginex.ilk
d:\nlp\enginex\debug\enginex.exe
d:\nlp\enginex\debug\enginex.pdb
d:\nlp\enginex\enginex\debug\enginex.res
e:\asus_notebook\nlp\enginex\enginex\debug\bottomview.obj
e:\asus_notebook\nlp\enginex\enginex\debug\enginex.obj
e:\asus_notebook\nlp\enginex\enginex\debug\enginexdoc.obj
e:\asus_notebook\nlp\enginex\enginex\debug\enginexview.obj
e:\asus_notebook\nlp\enginex\enginex\debug\flatsplitterwnd.obj
e:\asus_notebook\nlp\enginex\enginex\debug\mainfrm.obj
e:\asus_notebook\nlp\enginex\enginex\debug\morphologicalanalysis.obj
e:\asus_notebook\nlp\enginex\enginex\debug\naambiguity.obj
e:\asus_notebook\nlp\enginex\enginex\debug\nadictionary.obj
e:\asus_notebook\nlp\enginex\enginex\debug\nadocvector.obj
e:\asus_notebook\nlp\enginex\enginex\debug\naencdictionary.obj
e:\asus_notebook\nlp\enginex\enginex\debug\naentry.obj
e:\asus_notebook\nlp\enginex\enginex\debug\nahangulanaly.obj
e:\asus_notebook\nlp\enginex\enginex\debug\nahangulutil.obj
e:\asus_notebook\nlp\enginex\enginex\debug\nahashnode.obj
e:\asus_notebook\nlp\enginex\enginex\debug\nahashtree.obj
e:\asus_notebook\nlp\enginex\enginex\debug\naprelinkedlist.obj
e:\asus_notebook\nlp\enginex\enginex\debug\nautil.obj
e:\asus_notebook\nlp\enginex\enginex\debug\na_convert.obj
e:\asus_notebook\nlp\enginex\enginex\debug\preprocessor.obj
e:\asus_notebook\nlp\enginex\enginex\debug\sort_fn.obj
e:\asus_notebook\nlp\enginex\enginex\debug\splashscreenex.obj
e:\asus_notebook\nlp\enginex\enginex\debug\stdafx.obj
e:\asus_notebook\nlp\enginex\enginex\debug\stemambfeaturedialog.obj
e:\asus_notebook\nlp\enginex\enginex\debug\stemenddic.obj
e:\asus_notebook\nlp\enginex\enginex\debug\stringutil.obj
e:\asus_notebook\nlp\enginex\enginex\debug\tabfifthdialog.obj
e:\asus_notebook\nlp\enginex\enginex\debug\tabfirstdialog.obj
e:\asus_notebook\nlp\enginex\enginex\debug\tabfourthdialog.obj
e:\asus_notebook\nlp\enginex\enginex\debug\tabseconddialog.obj
e:\asus_notebook\nlp\enginex\enginex\debug\tabthirddialog.obj
e:\asus_notebook\nlp\enginex\enginex\debug\te_list.obj
e:\asus_notebook\nlp\enginex\enginex\debug\topview.obj
e:\asus_notebook\nlp\enginex\enginex\debug\enginex.res
e:\asus_notebook\nlp\enginex\enginex\debug\enginex.pch
e:\asus_notebook\nlp\enginex\enginex\debug\vc140.idb
e:\asus_notebook\nlp\enginex\enginex\debug\vc140.pdb
e:\asus_notebook\nlp\enginex\debug\enginex.pdb
e:\asus_notebook\nlp\enginex\debug\enginex.exe
e:\asus_notebook\nlp\enginex\debug\enginex.ilk
e:\asus_notebook\nlp\enginex\enginex\debug\enginex.tlog\cl.command.1.tlog
e:\asus_notebook\nlp\enginex\enginex\debug\enginex.tlog\cl.read.1.tlog
e:\asus_notebook\nlp\enginex\enginex\debug\enginex.tlog\cl.write.1.tlog
e:\asus_notebook\nlp\enginex\enginex\debug\enginex.tlog\link.command.1.tlog
e:\asus_notebook\nlp\enginex\enginex\debug\enginex.tlog\link.read.1.tlog
e:\asus_notebook\nlp\enginex\enginex\debug\enginex.tlog\link.write.1.tlog
e:\asus_notebook\nlp\enginex\enginex\debug\enginex.tlog\rc.command.1.tlog
e:\asus_notebook\nlp\enginex\enginex\debug\enginex.tlog\rc.read.1.tlog
e:\asus_notebook\nlp\enginex\enginex\debug\enginex.tlog\rc.write.1.tlog
