d:\nlp\enginex\enginex\release\enginex.pch
d:\nlp\enginex\enginex\release\vc140.pdb
d:\nlp\enginex\enginex\release\stdafx.obj
d:\nlp\enginex\enginex\release\preprocessor.obj
d:\nlp\enginex\enginex\release\na_convert.obj
d:\nlp\enginex\enginex\release\nautil.obj
d:\nlp\enginex\enginex\release\naprelinkedlist.obj
d:\nlp\enginex\enginex\release\nahashtree.obj
d:\nlp\enginex\enginex\release\nahashnode.obj
d:\nlp\enginex\enginex\release\nahangulutil.obj
d:\nlp\enginex\enginex\release\nahangulanaly.obj
d:\nlp\enginex\enginex\release\naentry.obj
d:\nlp\enginex\enginex\release\naencdictionary.obj
d:\nlp\enginex\enginex\release\nadocvector.obj
d:\nlp\enginex\enginex\release\nadictionary.obj
d:\nlp\enginex\enginex\release\naambiguity.obj
d:\nlp\enginex\enginex\release\morphologicalanalysis.obj
d:\nlp\enginex\enginex\release\mainfrm.obj
d:\nlp\enginex\enginex\release\flatsplitterwnd.obj
d:\nlp\enginex\enginex\release\enginexview.obj
d:\nlp\enginex\enginex\release\enginexdoc.obj
d:\nlp\enginex\enginex\release\enginex.obj
d:\nlp\enginex\enginex\release\bottomview.obj
d:\nlp\enginex\enginex\release\topview.obj
d:\nlp\enginex\enginex\release\te_list.obj
d:\nlp\enginex\enginex\release\tabthirddialog.obj
d:\nlp\enginex\enginex\release\tabseconddialog.obj
d:\nlp\enginex\enginex\release\tabfourthdialog.obj
d:\nlp\enginex\enginex\release\tabfirstdialog.obj
d:\nlp\enginex\enginex\release\tabfifthdialog.obj
d:\nlp\enginex\enginex\release\stringutil.obj
d:\nlp\enginex\enginex\release\stemenddic.obj
d:\nlp\enginex\enginex\release\stemambfeaturedialog.obj
d:\nlp\enginex\enginex\release\splashscreenex.obj
d:\nlp\enginex\enginex\release\sort_fn.obj
d:\nlp\enginex\enginex\release\enginex.res
d:\nlp\enginex\enginex\release\enginex.tlog\cl.command.1.tlog
d:\nlp\enginex\enginex\release\enginex.tlog\cl.read.1.tlog
d:\nlp\enginex\enginex\release\enginex.tlog\cl.write.1.tlog
d:\nlp\enginex\enginex\release\enginex.tlog\link.command.1.tlog
d:\nlp\enginex\enginex\release\enginex.tlog\link.read.1.tlog
d:\nlp\enginex\enginex\release\enginex.tlog\link.write.1.tlog
d:\nlp\enginex\enginex\release\enginex.tlog\rc.command.1.tlog
d:\nlp\enginex\enginex\release\enginex.tlog\rc.read.1.tlog
d:\nlp\enginex\enginex\release\enginex.tlog\rc.write.1.tlog
